[debug] [2023-09-14T06:22:54.775Z] ----------------------------------------------------------------------
[debug] [2023-09-14T06:22:54.777Z] Command:       C:\Program Files\nodejs\node.exe C:\Users\saif_p\AppData\Roaming\npm\node_modules\firebase-tools\lib\bin\firebase.js init
[debug] [2023-09-14T06:22:54.777Z] CLI Version:   12.5.4
[debug] [2023-09-14T06:22:54.778Z] Platform:      win32
[debug] [2023-09-14T06:22:54.778Z] Node Version:  v18.16.1
[debug] [2023-09-14T06:22:54.780Z] Time:          Thu Sep 14 2023 11:52:54 GMT+0530 (India Standard Time)
[debug] [2023-09-14T06:22:54.780Z] ----------------------------------------------------------------------
[debug] 
[debug] [2023-09-14T06:22:54.868Z] > command requires scopes: ["email","openid","https://www.googleapis.com/auth/cloudplatformprojects.readonly","https://www.googleapis.com/auth/firebase","https://www.googleapis.com/auth/cloud-platform"]
[debug] [2023-09-14T06:22:54.868Z] > authorizing via signed-in user (saifpashanaaz@gmail.com)
[info] 
     ######## #### ########  ######## ########     ###     ######  ########
     ##        ##  ##     ## ##       ##     ##  ##   ##  ##       ##
     ######    ##  ########  ######   ########  #########  ######  ######
     ##        ##  ##    ##  ##       ##     ## ##     ##       ## ##
     ##       #### ##     ## ######## ########  ##     ##  ######  ########

You're about to initialize a Firebase project in this directory:

  C:\Users\saif_p\Desktop\tryPWA\scrum_poker\FE

Before we get started, keep in mind:

  * You are initializing within an existing Firebase project directory

[info] 
=== Project Setup
[info] 
[info] First, let's associate this project directory with a Firebase project.
[info] You can create multiple project aliases by running firebase use --add, 
[info] but for now we'll just set up a default project.
[info] 
[debug] [2023-09-14T06:23:03.859Z] Using project from CLI flag: scrum-poker-db9f8
[debug] [2023-09-14T06:23:03.865Z] >>> [apiv2][query] GET https://firebase.googleapis.com/v1beta1/projects/scrum-poker-db9f8 [none]
[debug] [2023-09-14T06:23:04.776Z] <<< [apiv2][status] GET https://firebase.googleapis.com/v1beta1/projects/scrum-poker-db9f8 403
[debug] [2023-09-14T06:23:04.776Z] <<< [apiv2][body] GET https://firebase.googleapis.com/v1beta1/projects/scrum-poker-db9f8 {"error":{"code":403,"message":"The caller does not have permission","status":"PERMISSION_DENIED"}}
[debug] [2023-09-14T06:23:04.777Z] HTTP Error: 403, The caller does not have permission
[debug] [2023-09-14T06:23:04.990Z] FirebaseError: HTTP Error: 403, The caller does not have permission
    at responseToError (C:\Users\saif_p\AppData\Roaming\npm\node_modules\firebase-tools\lib\responseToError.js:49:12)
    at RetryOperation._fn (C:\Users\saif_p\AppData\Roaming\npm\node_modules\firebase-tools\lib\apiv2.js:285:77)
    at process.processTicksAndRejections (node:internal/process/task_queues:95:5)
[error] 
[error] Error: Failed to get Firebase project scrum-poker-db9f8. Please make sure the project exists and your account has permission to access it.
